2020-09-22 20:18:29,437 INFO org.springframework.boot.StartupInfoLogger [main] Starting SeguridadApplication on JoelvinChirino with PID 16876 (C:\Users\jchirino\Documents\yosmelin\seguridad\target\classes started by jchirino in C:\Users\jchirino\Documents\yosmelin\seguridad)
2020-09-22 20:18:29,442 INFO org.springframework.boot.SpringApplication [main] No active profile set, falling back to default profiles: default
2020-09-22 20:18:44,870 INFO org.springframework.boot.StartupInfoLogger [main] Starting SeguridadApplication on JoelvinChirino with PID 17748 (C:\Users\jchirino\Documents\yosmelin\seguridad\target\classes started by jchirino in C:\Users\jchirino\Documents\yosmelin\seguridad)
2020-09-22 20:18:44,874 INFO org.springframework.boot.SpringApplication [main] No active profile set, falling back to default profiles: default
2020-09-22 20:18:45,865 INFO org.springframework.boot.web.embedded.tomcat.TomcatWebServer [main] Tomcat initialized with port(s): 8080 (http)
2020-09-22 20:18:45,875 INFO org.apache.juli.logging.DirectJDKLog [main] Initializing ProtocolHandler ["http-nio-8080"]
2020-09-22 20:18:45,876 INFO org.apache.juli.logging.DirectJDKLog [main] Starting service [Tomcat]
2020-09-22 20:18:45,876 INFO org.apache.juli.logging.DirectJDKLog [main] Starting Servlet engine: [Apache Tomcat/9.0.38]
2020-09-22 20:18:45,940 INFO org.apache.juli.logging.DirectJDKLog [main] Initializing Spring embedded WebApplicationContext
2020-09-22 20:18:45,941 INFO org.springframework.boot.web.servlet.context.ServletWebServerApplicationContext [main] Root WebApplicationContext: initialization completed in 1010 ms
2020-09-22 20:18:46,129 INFO org.springframework.boot.autoconfigure.security.servlet.UserDetailsServiceAutoConfiguration [main] 

Using generated security password: eace9711-06fe-4ee6-b389-aaf30637f2e8

2020-09-22 20:18:46,207 INFO org.springframework.security.web.DefaultSecurityFilterChain [main] Creating filter chain: any request, [org.springframework.security.web.context.request.async.WebAsyncManagerIntegrationFilter@49096b06, org.springframework.security.web.context.SecurityContextPersistenceFilter@39aa45a1, org.springframework.security.web.header.HeaderWriterFilter@4dd94a58, org.springframework.security.web.authentication.logout.LogoutFilter@54534abf, com.soaint.prueba.seguridad.jwt.JWTAuthorizationFilter@4a183d02, org.springframework.security.web.savedrequest.RequestCacheAwareFilter@27cbfddf, org.springframework.security.web.servletapi.SecurityContextHolderAwareRequestFilter@6ea94d6a, org.springframework.security.web.authentication.AnonymousAuthenticationFilter@5d05ef57, org.springframework.security.web.session.SessionManagementFilter@deb3b60, org.springframework.security.web.access.ExceptionTranslationFilter@412c995d, org.springframework.security.web.access.intercept.FilterSecurityInterceptor@72ab05ed]
2020-09-22 20:18:46,323 INFO org.springframework.scheduling.concurrent.ExecutorConfigurationSupport [main] Initializing ExecutorService 'applicationTaskExecutor'
2020-09-22 20:18:46,471 INFO org.apache.juli.logging.DirectJDKLog [main] Starting ProtocolHandler ["http-nio-8080"]
2020-09-22 20:18:46,496 INFO org.springframework.boot.web.embedded.tomcat.TomcatWebServer [main] Tomcat started on port(s): 8080 (http) with context path ''
2020-09-22 20:18:46,505 INFO org.springframework.boot.StartupInfoLogger [main] Started SeguridadApplication in 2.052 seconds (JVM running for 3.642)
2020-09-22 20:18:50,227 INFO org.apache.juli.logging.DirectJDKLog [http-nio-8080-exec-2] Initializing Spring DispatcherServlet 'dispatcherServlet'
2020-09-22 20:18:50,228 INFO org.springframework.web.servlet.FrameworkServlet [http-nio-8080-exec-2] Initializing Servlet 'dispatcherServlet'
2020-09-22 20:18:50,235 INFO org.springframework.web.servlet.FrameworkServlet [http-nio-8080-exec-2] Completed initialization in 6 ms
2020-09-22 20:18:50,286 ERROR com.soaint.prueba.seguridad.controller.UserController [http-nio-8080-exec-2] Autenticacion Fallida
2020-09-22 20:19:40,539 INFO org.springframework.boot.admin.SpringApplicationAdminMXBeanRegistrar$SpringApplicationAdmin [RMI TCP Connection(3)-127.0.0.1] Application shutdown requested.
2020-09-22 20:19:41,603 INFO org.springframework.scheduling.concurrent.ExecutorConfigurationSupport [RMI TCP Connection(3)-127.0.0.1] Shutting down ExecutorService 'applicationTaskExecutor'
